<?xml version="1.0" encoding="UTF-8"?>
<!-- Generated by org.testng.reporters.JUnitReportReporter -->
<testsuite skipped="0" hostname="MXITL156" name="param.ParametersDemo" tests="1" failures="0" timestamp="2022-09-26T08:38:53 IST" time="20.308" errors="0">
  <testcase name="login" time="20.308" classname="param.ParametersDemo"/>
  <system-out/>
</testsuite> <!-- param.ParametersDemo -->
