<?xml version="1.0" encoding="UTF-8"?>
<!-- Generated by org.testng.reporters.JUnitReportReporter -->
<testsuite skipped="0" hostname="MXITL156" name="annotations.AnnotationDemo" tests="2" failures="0" timestamp="2022-09-22T08:24:29 IST" time="0.010" errors="0">
  <testcase name="test2" time="0.002" classname="annotations.AnnotationDemo"/>
  <system-out/>
  <testcase name="test1" time="0.008" classname="annotations.AnnotationDemo"/>
  <system-out/>
</testsuite> <!-- annotations.AnnotationDemo -->
