<?xml version="1.0" encoding="UTF-8"?>
<!-- Generated by org.testng.reporters.JUnitReportReporter -->
<testsuite skipped="0" hostname="MXITL156" name="test.TestClass3" tests="3" failures="0" timestamp="2022-09-20T08:41:21 IST" time="0.016" errors="0">
  <testcase name="test" time="0.001" classname="test.TestClass3"/>
  <system-out/>
  <testcase name="abc" time="0.014" classname="test.TestClass3"/>
  <system-out/>
  <testcase name="login" time="0.001" classname="test.TestClass3"/>
  <system-out/>
</testsuite> <!-- test.TestClass3 -->
