<?xml version="1.0" encoding="UTF-8"?>
<!-- Generated by org.testng.reporters.JUnitReportReporter -->
<testsuite skipped="0" hostname="MXITL156" name="groups.GroupsDemo" tests="2" failures="0" timestamp="2022-09-23T08:35:07 IST" time="0.007" errors="0">
  <testcase name="t2" time="0.006" classname="groups.GroupsDemo"/>
  <system-out/>
  <testcase name="t3" time="0.001" classname="groups.GroupsDemo"/>
  <system-out/>
</testsuite> <!-- groups.GroupsDemo -->
