<?xml version="1.0" encoding="UTF-8"?>
<!-- Generated by org.testng.reporters.JUnitReportReporter -->
<testsuite skipped="0" hostname="MXITL156" name="test.TestClass5" tests="3" failures="0" timestamp="2022-09-20T09:00:33 IST" time="0.006" errors="0">
  <testcase name="login" time="0.001" classname="test.TestClass5"/>
  <system-out/>
  <testcase name="test" time="0.000" classname="test.TestClass5"/>
  <system-out/>
  <testcase name="abc" time="0.005" classname="test.TestClass5"/>
  <system-out/>
</testsuite> <!-- test.TestClass5 -->
