<?xml version="1.0" encoding="UTF-8"?>
<!-- Generated by org.testng.reporters.JUnitReportReporter -->
<testsuite skipped="0" hostname="MXITL156" name="test.TestClass2" tests="5" failures="0" timestamp="2022-09-20T08:36:42 IST" time="0.012" errors="0">
  <testcase name="login" time="0.001" classname="test.TestClass2"/>
  <system-out/>
  <testcase name="login" time="0.010" classname="test.TestClass2"/>
  <system-out/>
  <testcase name="login" time="0.001" classname="test.TestClass2"/>
  <system-out/>
  <testcase name="test" time="0.000" classname="test.TestClass2"/>
  <system-out/>
  <testcase name="abc" time="0.000" classname="test.TestClass2"/>
  <system-out/>
</testsuite> <!-- test.TestClass2 -->
